info: 2020-06-21 12:37:06|mysql.ts:28|INFO|13884|Executing (default): SELECT 1+1 AS result
info: 2020-06-21 12:37:06|mysql.ts:31|INFO|13884|mysql connect start!
info: 2020-06-21 12:37:21|mysql.ts:28|INFO|10112|Executing (default): SELECT 1+1 AS result
info: 2020-06-21 12:37:21|mysql.ts:31|INFO|10112|mysql connect start!
info: 2020-06-21 12:40:33|mysql.ts:28|INFO|15116|Executing (default): SELECT 1+1 AS result
info: 2020-06-21 12:40:33|mysql.ts:31|INFO|15116|mysql connect start!
info: 2020-06-21 12:40:46|mysql.ts:28|INFO|17560|Executing (default): SELECT 1+1 AS result
info: 2020-06-21 12:40:46|mysql.ts:31|INFO|17560|mysql connect start!
info: 2020-06-21 12:43:32|mysql.ts:28|INFO|13932|Executing (default): SELECT 1+1 AS result
info: 2020-06-21 12:43:32|mysql.ts:31|INFO|13932|mysql connect start!
info: 2020-06-21 12:43:35|mysql.ts:28|INFO|13320|Executing (default): SELECT 1+1 AS result
info: 2020-06-21 12:43:35|mysql.ts:31|INFO|13320|mysql connect start!
info: 2020-06-21 12:43:38|mysql.ts:28|INFO|12036|Executing (default): SELECT 1+1 AS result
info: 2020-06-21 12:43:38|mysql.ts:31|INFO|12036|mysql connect start!
info: 2020-06-21 12:43:45|mysql.ts:28|INFO|15496|Executing (default): SELECT 1+1 AS result
info: 2020-06-21 12:43:45|mysql.ts:31|INFO|15496|mysql connect start!
info: 2020-06-21 12:43:55|mysql.ts:28|INFO|16816|Executing (default): SELECT 1+1 AS result
info: 2020-06-21 12:43:55|mysql.ts:31|INFO|16816|mysql connect start!
info: 2020-06-21 12:44:11|mysql.ts:28|INFO|11228|Executing (default): SELECT 1+1 AS result
info: 2020-06-21 12:44:11|mysql.ts:31|INFO|11228|mysql connect start!
info: 2020-06-21 12:51:23|mysql.ts:28|INFO|10364|Executing (default): SELECT 1+1 AS result
info: 2020-06-21 12:51:23|mysql.ts:31|INFO|10364|mysql connect start!
info: 2020-06-21 12:51:32|mysql.ts:28|INFO|18352|Executing (default): SELECT 1+1 AS result
info: 2020-06-21 12:51:32|mysql.ts:31|INFO|18352|mysql connect start!
info: 2020-06-21 12:51:45|mysql.ts:28|INFO|17236|Executing (default): SELECT 1+1 AS result
info: 2020-06-21 12:51:45|mysql.ts:31|INFO|17236|mysql connect start!
info: 2020-06-21 12:51:50|mysql.ts:28|INFO|12036|Executing (default): SELECT 1+1 AS result
info: 2020-06-21 12:51:50|mysql.ts:31|INFO|12036|mysql connect start!
info: 2020-06-21 12:52:35|mysql.ts:28|INFO|13060|Executing (default): SELECT 1+1 AS result
info: 2020-06-21 12:52:35|mysql.ts:31|INFO|13060|mysql connect start!
info: 2020-06-21 12:52:41|mysql.ts:28|INFO|14364|Executing (default): SELECT 1+1 AS result
info: 2020-06-21 12:52:41|mysql.ts:31|INFO|14364|mysql connect start!
info: 2020-06-21 12:52:56|mysql.ts:28|INFO|18176|Executing (default): SELECT 1+1 AS result
info: 2020-06-21 12:52:56|mysql.ts:31|INFO|18176|mysql connect start!
info: 2020-06-21 12:52:58|mysql.ts:28|INFO|18112|Executing (default): SELECT 1+1 AS result
info: 2020-06-21 12:52:58|mysql.ts:31|INFO|18112|mysql connect start!
info: 2020-06-21 12:53:06|mysql.ts:28|INFO|7220|Executing (default): SELECT 1+1 AS result
info: 2020-06-21 12:53:06|mysql.ts:31|INFO|7220|mysql connect start!
info: 2020-06-21 12:53:16|mysql.ts:28|INFO|7048|Executing (default): SELECT 1+1 AS result
info: 2020-06-21 12:53:16|mysql.ts:31|INFO|7048|mysql connect start!
info: 2020-06-21 12:53:28|mysql.ts:28|INFO|4968|Executing (default): SELECT 1+1 AS result
info: 2020-06-21 12:53:28|mysql.ts:31|INFO|4968|mysql connect start!
info: 2020-06-21 12:53:40|mysql.ts:28|INFO|1552|Executing (default): SELECT 1+1 AS result
info: 2020-06-21 12:53:40|mysql.ts:31|INFO|1552|mysql connect start!
info: 2020-06-21 12:53:44|mysql.ts:28|INFO|16792|Executing (default): SELECT 1+1 AS result
info: 2020-06-21 12:53:44|mysql.ts:31|INFO|16792|mysql connect start!
info: 2020-06-21 12:53:51|mysql.ts:28|INFO|16464|Executing (default): SELECT 1+1 AS result
info: 2020-06-21 12:53:51|mysql.ts:31|INFO|16464|mysql connect start!
info: 2020-06-21 12:54:20|mysql.ts:28|INFO|13296|Executing (default): SELECT 1+1 AS result
info: 2020-06-21 12:54:20|mysql.ts:31|INFO|13296|mysql connect start!
info: 2020-06-21 12:54:26|mysql.ts:28|INFO|10732|Executing (default): SELECT 1+1 AS result
info: 2020-06-21 12:54:26|mysql.ts:31|INFO|10732|mysql connect start!
info: 2020-06-21 12:54:32|mysql.ts:28|INFO|6912|Executing (default): SELECT 1+1 AS result
info: 2020-06-21 12:54:32|mysql.ts:31|INFO|6912|mysql connect start!
info: 2020-06-21 12:54:35|mysql.ts:28|INFO|16480|Executing (default): SELECT 1+1 AS result
info: 2020-06-21 12:54:35|mysql.ts:31|INFO|16480|mysql connect start!
info: 2020-06-21 12:55:16|mysql.ts:28|INFO|18396|Executing (default): SELECT 1+1 AS result
info: 2020-06-21 12:55:16|mysql.ts:31|INFO|18396|mysql connect start!
info: 2020-06-21 12:57:07|mysql.ts:28|INFO|16512|Executing (default): SELECT 1+1 AS result
info: 2020-06-21 12:57:07|mysql.ts:31|INFO|16512|mysql connect start!
info: 2020-06-21 12:57:12|mysql.ts:28|INFO|13528|Executing (default): SELECT 1+1 AS result
info: 2020-06-21 12:57:12|mysql.ts:31|INFO|13528|mysql connect start!
info: 2020-06-21 12:57:19|mysql.ts:28|INFO|4336|Executing (default): SELECT 1+1 AS result
info: 2020-06-21 12:57:19|mysql.ts:31|INFO|4336|mysql connect start!
info: 2020-06-21 12:57:31|mysql.ts:28|INFO|11560|Executing (default): SELECT 1+1 AS result
info: 2020-06-21 12:57:31|mysql.ts:31|INFO|11560|mysql connect start!
info: 2020-06-21 12:57:37|mysql.ts:28|INFO|14944|Executing (default): SELECT 1+1 AS result
info: 2020-06-21 12:57:37|mysql.ts:31|INFO|14944|mysql connect start!
info: 2020-06-21 13:03:17|mysql.ts:28|INFO|8496|Executing (default): SELECT 1+1 AS result
info: 2020-06-21 13:03:17|mysql.ts:31|INFO|8496|mysql connect start!
info: 2020-06-21 13:03:47|mysql.ts:28|INFO|15860|Executing (default): SELECT 1+1 AS result
info: 2020-06-21 13:03:47|mysql.ts:31|INFO|15860|mysql connect start!
info: 2020-06-21 13:03:53|mysql.ts:28|INFO|13060|Executing (default): SELECT 1+1 AS result
info: 2020-06-21 13:03:53|mysql.ts:31|INFO|13060|mysql connect start!
info: 2020-06-21 13:04:26|mysql.ts:28|INFO|14324|Executing (default): SELECT 1+1 AS result
info: 2020-06-21 13:04:26|mysql.ts:31|INFO|14324|mysql connect start!
info: 2020-06-21 13:04:34|mysql.ts:28|INFO|6248|Executing (default): SELECT 1+1 AS result
info: 2020-06-21 13:04:34|mysql.ts:31|INFO|6248|mysql connect start!
info: 2020-06-21 13:06:35|mysql.ts:28|INFO|2808|Executing (default): SELECT 1+1 AS result
info: 2020-06-21 13:06:35|mysql.ts:31|INFO|2808|mysql connect start!
info: 2020-06-21 13:20:44|mysql.ts:28|INFO|18124|Executing (default): SELECT 1+1 AS result
info: 2020-06-21 13:20:44|mysql.ts:31|INFO|18124|mysql connect start!
info: 2020-06-21 13:20:58|mysql.ts:28|INFO|12516|Executing (default): SELECT 1+1 AS result
info: 2020-06-21 13:20:58|mysql.ts:31|INFO|12516|mysql connect start!
info: 2020-06-21 13:21:25|mysql.ts:28|INFO|17180|Executing (default): SELECT 1+1 AS result
info: 2020-06-21 13:21:25|mysql.ts:31|INFO|17180|mysql connect start!
info: 2020-06-21 13:33:15|mysql.ts:28|INFO|17524|Executing (default): SELECT 1+1 AS result
info: 2020-06-21 13:33:15|mysql.ts:31|INFO|17524|mysql connect start!
info: 2020-06-21 13:33:23|mysql.ts:28|INFO|17416|Executing (default): SELECT 1+1 AS result
info: 2020-06-21 13:33:23|mysql.ts:31|INFO|17416|mysql connect start!
info: 2020-06-21 13:33:27|mysql.ts:28|INFO|7560|Executing (default): SELECT 1+1 AS result
info: 2020-06-21 13:33:27|mysql.ts:31|INFO|7560|mysql connect start!
info: 2020-06-21 13:40:28|mysql.ts:28|INFO|8812|Executing (default): SELECT 1+1 AS result
info: 2020-06-21 13:40:28|mysql.ts:31|INFO|8812|mysql connect start!
info: 2020-06-21 13:40:42|mysql.ts:28|INFO|17216|Executing (default): SELECT 1+1 AS result
info: 2020-06-21 13:40:42|mysql.ts:31|INFO|17216|mysql connect start!
info: 2020-06-21 13:41:11|mysql.ts:28|INFO|11028|Executing (default): SELECT 1+1 AS result
info: 2020-06-21 13:41:11|mysql.ts:31|INFO|11028|mysql connect start!
info: 2020-06-21 13:41:20|mysql.ts:28|INFO|6956|Executing (default): SELECT 1+1 AS result
info: 2020-06-21 13:41:20|mysql.ts:31|INFO|6956|mysql connect start!
info: 2020-06-21 13:41:31|mysql.ts:28|INFO|14468|Executing (default): SELECT 1+1 AS result
info: 2020-06-21 13:41:31|mysql.ts:31|INFO|14468|mysql connect start!
info: 2020-06-21 13:41:40|mysql.ts:28|INFO|17144|Executing (default): SELECT 1+1 AS result
info: 2020-06-21 13:41:40|mysql.ts:31|INFO|17144|mysql connect start!
info: 2020-06-21 13:41:48|mysql.ts:28|INFO|15452|Executing (default): SELECT 1+1 AS result
info: 2020-06-21 13:41:48|mysql.ts:31|INFO|15452|mysql connect start!
info: 2020-06-21 14:23:52|mysql.ts:28|INFO|17644|Executing (default): SELECT 1+1 AS result
info: 2020-06-21 14:23:53|mysql.ts:31|INFO|17644|mysql connect start!
info: 2020-06-21 17:25:50|mysql.ts:28|INFO|19664|Executing (default): SELECT 1+1 AS result
info: 2020-06-21 17:25:50|mysql.ts:31|INFO|19664|mysql connect start!
info: 2020-06-21 17:26:23|mysql.ts:28|INFO|6536|Executing (default): SELECT 1+1 AS result
info: 2020-06-21 17:26:23|mysql.ts:31|INFO|6536|mysql connect start!
info: 2020-06-21 17:26:29|mysql.ts:28|INFO|20176|Executing (default): SELECT 1+1 AS result
info: 2020-06-21 17:26:29|mysql.ts:31|INFO|20176|mysql connect start!
info: 2020-06-21 17:27:04|mysql.ts:28|INFO|16964|Executing (default): SELECT 1+1 AS result
info: 2020-06-21 17:27:04|mysql.ts:31|INFO|16964|mysql connect start!
info: 2020-06-21 17:27:17|mysql.ts:28|INFO|13888|Executing (default): SELECT 1+1 AS result
info: 2020-06-21 17:27:17|mysql.ts:31|INFO|13888|mysql connect start!
info: 2020-06-21 17:27:58|mysql.ts:28|INFO|18692|Executing (default): SELECT 1+1 AS result
info: 2020-06-21 17:27:58|mysql.ts:31|INFO|18692|mysql connect start!
error: 2020-06-21 17:27:58|mysql.ts:38|ERROR|18692|Unable to connect to the database:|{}
info: 2020-06-21 17:28:05|mysql.ts:28|INFO|20376|Executing (default): SELECT 1+1 AS result
info: 2020-06-21 17:28:05|mysql.ts:31|INFO|20376|mysql connect start!
error: 2020-06-21 17:28:05|mysql.ts:38|ERROR|20376|Unable to connect to the database:|{}
info: 2020-06-21 17:28:06|mysql.ts:40|INFO|20376|mysql错误邮箱提示发送成功！
info: 2020-06-21 17:29:00|mysql.ts:28|INFO|20148|Executing (default): SELECT 1+1 AS result
info: 2020-06-21 17:29:00|mysql.ts:31|INFO|20148|mysql connect start!
info: 2020-06-21 17:29:05|mysql.ts:28|INFO|3792|Executing (default): SELECT 1+1 AS result
info: 2020-06-21 17:29:05|mysql.ts:31|INFO|3792|mysql connect start!
error: 2020-06-21 17:29:05|mysql.ts:38|ERROR|3792|Unable to connect to the database:|{}
info: 2020-06-21 17:29:06|mysql.ts:40|INFO|3792|mysql错误邮箱提示发送成功！
info: 2020-06-21 17:29:20|mysql.ts:28|INFO|1748|Executing (default): SELECT 1+1 AS result
info: 2020-06-21 17:29:20|mysql.ts:31|INFO|1748|mysql connect start!
error: 2020-06-21 17:29:20|mysql.ts:38|ERROR|1748|Unable to connect to the database:|{}
error: 2020-06-21 17:29:20|mysql.ts:42|ERROR|1748|mysql错误邮箱提示发送失败！|Error: Invalid login: 535 Login Fail. Please enter your authorization code to login. More information in http://service.mail.qq.com/cgi-bin/help?subtype=1&&id=28&&no=1001256
info: 2020-06-21 17:29:54|mysql.ts:28|INFO|1604|Executing (default): SELECT 1+1 AS result
info: 2020-06-21 17:29:54|mysql.ts:31|INFO|1604|mysql connect start!
error: 2020-06-21 17:29:54|mysql.ts:38|ERROR|1604|Unable to connect to the database:|{}
info: 2020-06-21 17:29:54|mysql.ts:40|INFO|1604|mysql错误邮箱提示发送成功！
info: 2020-06-21 17:30:12|mysql.ts:28|INFO|5024|Executing (default): SELECT 1+1 AS result
info: 2020-06-21 17:30:12|mysql.ts:31|INFO|5024|mysql connect start!
error: 2020-06-21 17:30:13|mysql.ts:38|ERROR|5024|Unable to connect to the database:|{}
info: 2020-06-21 17:30:13|mysql.ts:40|INFO|5024|mysql错误邮箱提示发送成功！
info: 2020-06-21 17:30:30|mysql.ts:28|INFO|20424|Executing (default): SELECT 1+1 AS result
info: 2020-06-21 17:30:30|mysql.ts:31|INFO|20424|mysql connect start!
info: 2020-06-21 17:30:35|mysql.ts:28|INFO|12084|Executing (default): SELECT 1+1 AS result
info: 2020-06-21 17:30:35|mysql.ts:31|INFO|12084|mysql connect start!
info: 2020-06-21 17:30:38|mysql.ts:28|INFO|19268|Executing (default): SELECT 1+1 AS result
info: 2020-06-21 17:30:38|mysql.ts:31|INFO|19268|mysql connect start!
info: 2020-06-21 17:30:56|mysql.ts:28|INFO|15836|Executing (default): SELECT 1+1 AS result
info: 2020-06-21 17:30:56|mysql.ts:31|INFO|15836|mysql connect start!
info: 2020-06-21 17:33:01|mysql.ts:28|INFO|19736|Executing (default): SELECT 1+1 AS result
info: 2020-06-21 17:33:01|mysql.ts:31|INFO|19736|mysql connect start!
info: 2020-06-21 17:34:47|mysqlConect.ts:28|INFO|5360|Executing (default): SELECT 1+1 AS result
info: 2020-06-21 17:34:47|mysqlConect.ts:31|INFO|5360|mysql connect start!
info: 2020-06-21 17:35:03|mysqlConect.ts:28|INFO|6532|Executing (default): SELECT 1+1 AS result
info: 2020-06-21 17:35:03|mysqlConect.ts:31|INFO|6532|mysql connect start!
info: 2020-06-21 17:35:10|mysqlConect.ts:28|INFO|17120|Executing (default): SELECT 1+1 AS result
info: 2020-06-21 17:35:10|mysqlConect.ts:31|INFO|17120|mysql connect start!
info: 2020-06-21 17:35:35|mysqlConect.ts:28|INFO|18852|Executing (default): SELECT 1+1 AS result
info: 2020-06-21 17:35:35|mysqlConect.ts:31|INFO|18852|mysql connect start!
info: 2020-06-21 17:35:46|mysqlConect.ts:28|INFO|6256|Executing (default): SELECT 1+1 AS result
info: 2020-06-21 17:35:46|mysqlConect.ts:31|INFO|6256|mysql connect start!
